time="2022-03-03T18:24:41+03:00" level=info msg="create router" func="main.main()" file="app.go:21"
time="2022-03-03T18:24:41+03:00" level=info msg="read application configuration" func="Rest-api/internal/config.GetConfig.func1()" file="config.go:25"
time="2022-03-03T18:24:41+03:00" level=info func="Rest-api/internal/config.GetConfig.func1()" file="config.go:29"
time="2022-03-03T18:24:41+03:00" level=fatal msg="open ../../config.yaml: no such file or directory" func="Rest-api/internal/config.GetConfig.func1()" file="config.go:30"
time="2022-03-03T18:25:21+03:00" level=info msg="create router" func="main.main()" file="app.go:21"
time="2022-03-03T18:25:21+03:00" level=info msg="read application configuration" func="Rest-api/internal/config.GetConfig.func1()" file="config.go:25"
time="2022-03-03T18:25:21+03:00" level=info msg="Register user handler" func="main.main()" file="app.go:26"
time="2022-03-03T18:25:21+03:00" level=info msg="start application" func="main.start()" file="app.go:35"
time="2022-03-03T18:25:21+03:00" level=info msg="detect app path" func="main.start()" file="app.go:41"
time="2022-03-03T18:25:21+03:00" level=info msg="create socket" func="main.start()" file="app.go:47"
time="2022-03-03T18:25:21+03:00" level=info msg="server is listen unix socket: /Users/riz9l/GoLang/Rest-api/build/app.sock" func="main.start()" file="app.go:50"
time="2022-03-03T18:25:21+03:00" level=debug msg="server is listening port 8080:" func="main.start()" file="app.go:52"
time="2022-03-03T18:25:38+03:00" level=info msg="create router" func="main.main()" file="app.go:21"
time="2022-03-03T18:25:38+03:00" level=info msg="read application configuration" func="Rest-api/internal/config.GetConfig.func1()" file="config.go:25"
time="2022-03-03T18:25:38+03:00" level=info msg="Register user handler" func="main.main()" file="app.go:26"
time="2022-03-03T18:25:38+03:00" level=info msg="start application" func="main.start()" file="app.go:35"
time="2022-03-03T18:25:38+03:00" level=info msg="detect app path" func="main.start()" file="app.go:41"
time="2022-03-03T18:25:38+03:00" level=info msg="create socket" func="main.start()" file="app.go:47"
time="2022-03-03T18:25:38+03:00" level=info msg="server is listen unix socket: /Users/riz9l/GoLang/Rest-api/build/app.sock" func="main.start()" file="app.go:50"
time="2022-03-03T18:25:38+03:00" level=debug msg="server is listening port 8080:" func="main.start()" file="app.go:52"
time="2022-03-03T18:25:38+03:00" level=fatal msg="listen unix /Users/riz9l/GoLang/Rest-api/build/app.sock: bind: address already in use" func="main.start()" file="app.go:63"
time="2022-03-03T18:26:05+03:00" level=info msg="create router" func="main.main()" file="app.go:21"
time="2022-03-03T18:26:05+03:00" level=info msg="read application configuration" func="Rest-api/internal/config.GetConfig.func1()" file="config.go:25"
time="2022-03-03T18:26:05+03:00" level=info msg="Register user handler" func="main.main()" file="app.go:26"
time="2022-03-03T18:26:05+03:00" level=info msg="start application" func="main.start()" file="app.go:35"
time="2022-03-03T18:26:05+03:00" level=info msg="detect app path" func="main.start()" file="app.go:41"
time="2022-03-03T18:26:05+03:00" level=info msg="create socket" func="main.start()" file="app.go:47"
time="2022-03-03T18:26:05+03:00" level=info msg="server is listen unix socket: /Users/riz9l/GoLang/Rest-api/build/app.sock" func="main.start()" file="app.go:50"
time="2022-03-03T18:26:05+03:00" level=debug msg="server is listening port 8080:" func="main.start()" file="app.go:52"
time="2022-03-03T18:26:05+03:00" level=fatal msg="listen unix /Users/riz9l/GoLang/Rest-api/build/app.sock: bind: address already in use" func="main.start()" file="app.go:63"
time="2022-03-03T18:26:37+03:00" level=info msg="create router" func="main.main()" file="app.go:21"
time="2022-03-03T18:26:37+03:00" level=info msg="read application configuration" func="Rest-api/internal/config.GetConfig.func1()" file="config.go:25"
time="2022-03-03T18:26:37+03:00" level=info msg="Register user handler" func="main.main()" file="app.go:26"
time="2022-03-03T18:26:37+03:00" level=info msg="start application" func="main.start()" file="app.go:35"
time="2022-03-03T18:26:37+03:00" level=info msg="detect app path" func="main.start()" file="app.go:41"
time="2022-03-03T18:26:37+03:00" level=info msg="create socket" func="main.start()" file="app.go:47"
time="2022-03-03T18:26:37+03:00" level=info msg="server is listen unix socket: /Users/riz9l/GoLang/Rest-api/build/app.sock" func="main.start()" file="app.go:50"
time="2022-03-03T18:26:37+03:00" level=debug msg="server is listening port 8080:" func="main.start()" file="app.go:52"
time="2022-03-03T18:29:56+03:00" level=info msg="create router" func="main.main()" file="app.go:21"
time="2022-03-03T18:29:56+03:00" level=info msg="read application configuration" func="Rest-api/internal/config.GetConfig.func1()" file="config.go:25"
time="2022-03-03T18:29:56+03:00" level=info msg="Register user handler" func="main.main()" file="app.go:26"
time="2022-03-03T18:29:56+03:00" level=info msg="start application" func="main.start()" file="app.go:35"
time="2022-03-03T18:29:56+03:00" level=info msg="detect app path" func="main.start()" file="app.go:41"
time="2022-03-03T18:29:56+03:00" level=info msg="create socket" func="main.start()" file="app.go:47"
time="2022-03-03T18:29:56+03:00" level=info msg="server is listen unix socket: /Users/riz9l/GoLang/Rest-api/build/app.sock" func="main.start()" file="app.go:50"
time="2022-03-03T18:29:56+03:00" level=debug msg="server is listening port 8080:" func="main.start()" file="app.go:52"
time="2022-03-03T18:36:49+03:00" level=info msg="create router" func="main.main()" file="app.go:21"
time="2022-03-03T18:36:49+03:00" level=info msg="read application configuration" func="Rest-api/internal/config.GetConfig.func1()" file="config.go:25"
time="2022-03-03T18:36:49+03:00" level=info msg="Register user handler" func="main.main()" file="app.go:26"
time="2022-03-03T18:36:49+03:00" level=info msg="start application" func="main.start()" file="app.go:35"
time="2022-03-03T18:36:49+03:00" level=info msg="detect app path" func="main.start()" file="app.go:41"
time="2022-03-03T18:36:49+03:00" level=info msg="create socket" func="main.start()" file="app.go:47"
time="2022-03-03T18:36:49+03:00" level=info msg="server is listen unix socket: /Users/riz9l/GoLang/Rest-api/build/app.sock" func="main.start()" file="app.go:50"
time="2022-03-03T18:36:49+03:00" level=debug msg="server is listening port 8080:" func="main.start()" file="app.go:52"
time="2022-03-03T18:36:49+03:00" level=fatal msg="listen unix /Users/riz9l/GoLang/Rest-api/build/app.sock: bind: address already in use" func="main.start()" file="app.go:63"
time="2022-03-03T18:37:08+03:00" level=info msg="create router" func="main.main()" file="app.go:21"
time="2022-03-03T18:37:08+03:00" level=info msg="read application configuration" func="Rest-api/internal/config.GetConfig.func1()" file="config.go:25"
time="2022-03-03T18:37:08+03:00" level=info msg="Register user handler" func="main.main()" file="app.go:26"
time="2022-03-03T18:37:08+03:00" level=info msg="start application" func="main.start()" file="app.go:35"
time="2022-03-03T18:37:08+03:00" level=info msg="detect app path" func="main.start()" file="app.go:41"
time="2022-03-03T18:37:08+03:00" level=info msg="create socket" func="main.start()" file="app.go:47"
time="2022-03-03T18:37:08+03:00" level=info msg="server is listen unix socket: /Users/riz9l/GoLang/Rest-api/build/app.sock" func="main.start()" file="app.go:50"
time="2022-03-03T18:37:08+03:00" level=debug msg="server is listening port 8080:" func="main.start()" file="app.go:52"
time="2022-03-03T18:40:46+03:00" level=info msg="create router" func="main.main()" file="app.go:21"
time="2022-03-03T18:40:46+03:00" level=info msg="read application configuration" func="Rest-api/internal/config.GetConfig.func1()" file="config.go:25"
time="2022-03-03T18:40:46+03:00" level=info func="Rest-api/internal/config.GetConfig.func1()" file="config.go:29"
time="2022-03-03T18:40:46+03:00" level=fatal msg="open config.yaml: no such file or directory" func="Rest-api/internal/config.GetConfig.func1()" file="config.go:30"
time="2022-03-03T18:41:04+03:00" level=info msg="create router" func="main.main()" file="app.go:21"
time="2022-03-03T18:41:04+03:00" level=info msg="read application configuration" func="Rest-api/internal/config.GetConfig.func1()" file="config.go:25"
time="2022-03-03T18:41:04+03:00" level=info msg="Register user handler" func="main.main()" file="app.go:26"
time="2022-03-03T18:41:04+03:00" level=info msg="start application" func="main.start()" file="app.go:35"
time="2022-03-03T18:41:04+03:00" level=info msg="detect app path" func="main.start()" file="app.go:41"
time="2022-03-03T18:41:04+03:00" level=info msg="create socket" func="main.start()" file="app.go:47"
time="2022-03-03T18:41:04+03:00" level=info msg="server is listen unix socket: /var/folders/kc/z8l7n_ys68q1mn7cnhrksnlh0000gn/T/go-build1123689612/b001/exe/app.sock" func="main.start()" file="app.go:50"
time="2022-03-03T18:41:04+03:00" level=debug msg="server is listening port 8080:" func="main.start()" file="app.go:52"
time="2022-03-03T18:49:33+03:00" level=info msg="create router" func="main.main()" file="app.go:21"
time="2022-03-03T18:49:33+03:00" level=info msg="read application configuration" func="Rest-api/internal/config.GetConfig.func1()" file="config.go:25"
time="2022-03-03T18:49:33+03:00" level=info msg="Register user handler" func="main.main()" file="app.go:26"
time="2022-03-03T18:49:33+03:00" level=info msg="start application" func="main.start()" file="app.go:35"
time="2022-03-03T18:49:33+03:00" level=info msg="detect app path" func="main.start()" file="app.go:41"
time="2022-03-03T18:49:33+03:00" level=info msg="create socket" func="main.start()" file="app.go:47"
time="2022-03-03T18:49:33+03:00" level=info msg="server is listen unix socket: /Users/riz9l/GoLang/Rest-api/cmd/main/app.sock" func="main.start()" file="app.go:50"
time="2022-03-03T18:49:33+03:00" level=debug msg="server is listening port 8080:" func="main.start()" file="app.go:52"
time="2022-03-03T18:52:45+03:00" level=info msg="create router" func="main.main()" file="app.go:21"
time="2022-03-03T18:52:45+03:00" level=info msg="read application configuration" func="Rest-api/internal/config.GetConfig.func1()" file="config.go:25"
time="2022-03-03T18:52:45+03:00" level=info msg="Register user handler" func="main.main()" file="app.go:26"
time="2022-03-03T18:52:45+03:00" level=info msg="start application" func="main.start()" file="app.go:35"
time="2022-03-03T18:52:45+03:00" level=info msg="detect app path" func="main.start()" file="app.go:41"
time="2022-03-03T18:52:45+03:00" level=info msg="create socket" func="main.start()" file="app.go:47"
time="2022-03-03T18:52:45+03:00" level=info msg="server is listen unix socket: /var/folders/kc/z8l7n_ys68q1mn7cnhrksnlh0000gn/T/go-build2744994243/b001/exe/app.sock" func="main.start()" file="app.go:50"
time="2022-03-03T18:52:45+03:00" level=debug msg="server is listening port 8080:" func="main.start()" file="app.go:52"
time="2022-03-03T18:54:30+03:00" level=info msg="create router" func="main.main()" file="app.go:21"
time="2022-03-03T18:54:30+03:00" level=info msg="read application configuration" func="Rest-api/internal/config.GetConfig.func1()" file="config.go:25"
time="2022-03-03T18:54:30+03:00" level=info msg="Register user handler" func="main.main()" file="app.go:26"
time="2022-03-03T18:54:30+03:00" level=info msg="start application" func="main.start()" file="app.go:35"
time="2022-03-03T18:54:30+03:00" level=info msg="detect app path" func="main.start()" file="app.go:41"
time="2022-03-03T18:54:30+03:00" level=info msg="create socket" func="main.start()" file="app.go:47"
time="2022-03-03T18:54:30+03:00" level=info msg="server is listen unix socket" func="main.start()" file="app.go:50"
time="2022-03-03T18:54:30+03:00" level=debug msg="server is listening port 8080:" func="main.start()" file="app.go:52"
time="2022-03-03T18:56:40+03:00" level=info msg="create router" func="main.main()" file="app.go:21"
time="2022-03-03T18:56:40+03:00" level=info msg="read application configuration" func="Rest-api/internal/config.GetConfig.func1()" file="config.go:25"
time="2022-03-03T18:56:40+03:00" level=info msg="Register user handler" func="main.main()" file="app.go:26"
time="2022-03-03T18:56:40+03:00" level=info msg="start application" func="main.start()" file="app.go:35"
time="2022-03-03T18:56:40+03:00" level=info msg="detect app path" func="main.start()" file="app.go:41"
time="2022-03-03T18:56:40+03:00" level=info msg="create socket" func="main.start()" file="app.go:47"
time="2022-03-03T18:56:40+03:00" level=info msg="server is listen unix socket" func="main.start()" file="app.go:50"
time="2022-03-03T18:56:40+03:00" level=debug msg="server is listening port 8080:" func="main.start()" file="app.go:52"
time="2022-03-03T18:58:41+03:00" level=info msg="create router" func="main.main()" file="app.go:21"
time="2022-03-03T18:58:41+03:00" level=info msg="read application configuration" func="Rest-api/internal/config.GetConfig.func1()" file="config.go:25"
time="2022-03-03T18:58:41+03:00" level=info msg="Register user handler" func="main.main()" file="app.go:26"
time="2022-03-03T18:58:41+03:00" level=info msg="start application" func="main.start()" file="app.go:35"
time="2022-03-03T18:58:41+03:00" level=info msg="detect app path" func="main.start()" file="app.go:41"
time="2022-03-03T18:58:41+03:00" level=info msg="create socket" func="main.start()" file="app.go:47"
time="2022-03-03T18:58:41+03:00" level=info msg="server is listen unix socket" func="main.start()" file="app.go:50"
time="2022-03-03T18:58:41+03:00" level=debug msg="server is listening port 8080:" func="main.start()" file="app.go:52"
time="2022-03-03T18:58:41+03:00" level=fatal msg="listen unix /Users/riz9l/GoLang/Rest-api/build/app.sock: bind: address already in use" func="main.start()" file="app.go:63"
time="2022-03-03T19:01:13+03:00" level=info msg="create router" func="main.main()" file="app.go:21"
time="2022-03-03T19:01:13+03:00" level=info msg="read application configuration" func="Rest-api/internal/config.GetConfig.func1()" file="config.go:25"
time="2022-03-03T19:01:13+03:00" level=info msg="Register user handler" func="main.main()" file="app.go:26"
time="2022-03-03T19:01:13+03:00" level=info msg="start application" func="main.start()" file="app.go:35"
time="2022-03-03T19:01:13+03:00" level=info msg="detect app path" func="main.start()" file="app.go:41"
time="2022-03-03T19:01:13+03:00" level=info msg="create socket" func="main.start()" file="app.go:47"
time="2022-03-03T19:01:13+03:00" level=info msg="server is listen unix socket" func="main.start()" file="app.go:50"
time="2022-03-03T19:01:13+03:00" level=debug msg="server is listening unix socket /Users/riz9l/GoLang/Rest-api/build/app.sock:" func="main.start()" file="app.go:52"
time="2022-03-03T19:01:13+03:00" level=fatal msg="listen unix /Users/riz9l/GoLang/Rest-api/build/app.sock: bind: address already in use" func="main.start()" file="app.go:63"
time="2022-03-03T19:01:24+03:00" level=info msg="create router" func="main.main()" file="app.go:21"
time="2022-03-03T19:01:24+03:00" level=info msg="read application configuration" func="Rest-api/internal/config.GetConfig.func1()" file="config.go:25"
time="2022-03-03T19:01:24+03:00" level=info msg="Register user handler" func="main.main()" file="app.go:26"
time="2022-03-03T19:01:24+03:00" level=info msg="start application" func="main.start()" file="app.go:35"
time="2022-03-03T19:01:24+03:00" level=info msg="detect app path" func="main.start()" file="app.go:41"
time="2022-03-03T19:01:24+03:00" level=info msg="create socket" func="main.start()" file="app.go:47"
time="2022-03-03T19:01:24+03:00" level=info msg="server is listen unix socket" func="main.start()" file="app.go:50"
time="2022-03-03T19:01:24+03:00" level=debug msg="server is listening unix socket /Users/riz9l/GoLang/Rest-api/build/app.sock:" func="main.start()" file="app.go:52"
time="2022-03-03T19:01:24+03:00" level=fatal msg="listen unix /Users/riz9l/GoLang/Rest-api/build/app.sock: bind: address already in use" func="main.start()" file="app.go:63"
time="2022-03-03T19:01:48+03:00" level=info msg="create router" func="main.main()" file="app.go:21"
time="2022-03-03T19:01:48+03:00" level=info msg="read application configuration" func="Rest-api/internal/config.GetConfig.func1()" file="config.go:25"
time="2022-03-03T19:01:48+03:00" level=info msg="Register user handler" func="main.main()" file="app.go:26"
time="2022-03-03T19:01:48+03:00" level=info msg="start application" func="main.start()" file="app.go:35"
time="2022-03-03T19:01:48+03:00" level=info msg="detect app path" func="main.start()" file="app.go:41"
time="2022-03-03T19:01:48+03:00" level=info msg="create socket" func="main.start()" file="app.go:47"
time="2022-03-03T19:01:48+03:00" level=info msg="server is listen unix socket" func="main.start()" file="app.go:50"
time="2022-03-03T19:01:48+03:00" level=debug msg="server is listening unix socket /Users/riz9l/GoLang/Rest-api/build/app.sock:" func="main.start()" file="app.go:52"
time="2022-03-03T19:04:13+03:00" level=info msg="create router" func="main.main()" file="app.go:21"
time="2022-03-03T19:04:13+03:00" level=info msg="read application configuration" func="Rest-api/internal/config.GetConfig.func1()" file="config.go:25"
time="2022-03-03T19:04:13+03:00" level=info msg="Register user handler" func="main.main()" file="app.go:26"
time="2022-03-03T19:04:13+03:00" level=info msg="start application" func="main.start()" file="app.go:35"
time="2022-03-03T19:04:13+03:00" level=info msg="detect app path" func="main.start()" file="app.go:41"
time="2022-03-03T19:04:13+03:00" level=info msg="create socket" func="main.start()" file="app.go:47"
time="2022-03-03T19:04:13+03:00" level=info msg="server is listen unix socket" func="main.start()" file="app.go:50"
time="2022-03-03T19:04:13+03:00" level=debug msg="server is listening unix socket /Users/riz9l/GoLang/Rest-api/build/app.sock:" func="main.start()" file="app.go:52"
time="2022-03-03T19:04:13+03:00" level=fatal msg="listen unix /Users/riz9l/GoLang/Rest-api/build/app.sock: bind: address already in use" func="main.start()" file="app.go:63"
time="2022-03-03T19:04:20+03:00" level=info msg="create router" func="main.main()" file="app.go:21"
time="2022-03-03T19:04:20+03:00" level=info msg="read application configuration" func="Rest-api/internal/config.GetConfig.func1()" file="config.go:25"
time="2022-03-03T19:04:20+03:00" level=info msg="Register user handler" func="main.main()" file="app.go:26"
time="2022-03-03T19:04:20+03:00" level=info msg="start application" func="main.start()" file="app.go:35"
time="2022-03-03T19:04:20+03:00" level=info msg="detect app path" func="main.start()" file="app.go:41"
time="2022-03-03T19:04:20+03:00" level=info msg="create socket" func="main.start()" file="app.go:47"
time="2022-03-03T19:04:20+03:00" level=info msg="server is listen unix socket" func="main.start()" file="app.go:50"
time="2022-03-03T19:04:20+03:00" level=debug msg="server is listening unix socket /Users/riz9l/GoLang/Rest-api/build/app.sock:" func="main.start()" file="app.go:52"
time="2022-03-03T19:04:20+03:00" level=fatal msg="listen unix /Users/riz9l/GoLang/Rest-api/build/app.sock: bind: address already in use" func="main.start()" file="app.go:63"
time="2022-03-03T19:04:27+03:00" level=info msg="create router" func="main.main()" file="app.go:21"
time="2022-03-03T19:04:27+03:00" level=info msg="read application configuration" func="Rest-api/internal/config.GetConfig.func1()" file="config.go:25"
time="2022-03-03T19:04:27+03:00" level=info msg="Register user handler" func="main.main()" file="app.go:26"
time="2022-03-03T19:04:27+03:00" level=info msg="start application" func="main.start()" file="app.go:35"
time="2022-03-03T19:04:27+03:00" level=info msg="detect app path" func="main.start()" file="app.go:41"
time="2022-03-03T19:04:27+03:00" level=info msg="create socket" func="main.start()" file="app.go:47"
time="2022-03-03T19:04:27+03:00" level=info msg="server is listen unix socket" func="main.start()" file="app.go:50"
time="2022-03-03T19:05:45+03:00" level=info msg="create router" func="main.main()" file="app.go:21"
time="2022-03-03T19:05:45+03:00" level=info msg="read application configuration" func="Rest-api/internal/config.GetConfig.func1()" file="config.go:25"
time="2022-03-03T19:05:45+03:00" level=info msg="Register user handler" func="main.main()" file="app.go:26"
time="2022-03-03T19:05:45+03:00" level=info msg="start application" func="main.start()" file="app.go:35"
time="2022-03-03T19:05:45+03:00" level=info msg="detect app path" func="main.start()" file="app.go:41"
time="2022-03-03T19:05:45+03:00" level=info msg="create socket" func="main.start()" file="app.go:47"
time="2022-03-03T19:05:45+03:00" level=info msg="server is listen unix socket" func="main.start()" file="app.go:50"
time="2022-03-03T19:05:45+03:00" level=debug msg="server is listening unix socket /Users/riz9l/GoLang/Rest-api/build/app.sock:" func="main.start()" file="app.go:52"
time="2022-03-03T19:05:45+03:00" level=fatal msg="listen unix /Users/riz9l/GoLang/Rest-api/build/app.sock: bind: address already in use" func="main.start()" file="app.go:63"
time="2022-03-03T19:06:01+03:00" level=info msg="create router" func="main.main()" file="app.go:21"
time="2022-03-03T19:06:01+03:00" level=info msg="read application configuration" func="Rest-api/internal/config.GetConfig.func1()" file="config.go:25"
time="2022-03-03T19:06:01+03:00" level=info msg="Register user handler" func="main.main()" file="app.go:26"
time="2022-03-03T19:06:01+03:00" level=info msg="start application" func="main.start()" file="app.go:35"
time="2022-03-03T19:06:01+03:00" level=info msg="detect app path" func="main.start()" file="app.go:41"
time="2022-03-03T19:06:01+03:00" level=info msg="create socket" func="main.start()" file="app.go:47"
time="2022-03-03T19:06:01+03:00" level=info msg="server is listen unix socket" func="main.start()" file="app.go:50"
time="2022-03-03T19:06:01+03:00" level=debug msg="server is listening unix socket /Users/riz9l/GoLang/Rest-api/build/app.sock:" func="main.start()" file="app.go:52"
time="2022-03-04T11:04:46+03:00" level=info msg="create router" func="main.main()" file="app.go:21"
time="2022-03-04T11:04:46+03:00" level=info msg="read application configuration" func="Rest-api/internal/config.GetConfig.func1()" file="config.go:25"
time="2022-03-04T11:04:46+03:00" level=info msg="Register user handler" func="main.main()" file="app.go:26"
time="2022-03-04T11:04:46+03:00" level=info msg="start application" func="main.start()" file="app.go:35"
time="2022-03-04T11:04:46+03:00" level=info msg="listen tcp" func="main.start()" file="app.go:57"
time="2022-03-04T11:04:46+03:00" level=info msg="server is listening port 0.0.0.0:8080" func="main.start()" file="app.go:59"
time="2022-03-04T11:07:21+03:00" level=info msg="create router" func="main.main()" file="app.go:21"
time="2022-03-04T11:07:21+03:00" level=info msg="read application configuration" func="Rest-api/internal/config.GetConfig.func1()" file="config.go:25"
time="2022-03-04T11:07:21+03:00" level=info msg="Register user handler" func="main.main()" file="app.go:26"
time="2022-03-04T11:07:21+03:00" level=info msg="start application" func="main.start()" file="app.go:35"
time="2022-03-04T11:07:21+03:00" level=info msg="listen tcp" func="main.start()" file="app.go:57"
time="2022-03-04T11:07:21+03:00" level=info msg="server is listening port 0.0.0.0:8080" func="main.start()" file="app.go:59"
time="2022-03-04T13:05:43+03:00" level=info msg="create router" func="main.main()" file="app.go:21"
time="2022-03-04T13:05:43+03:00" level=info msg="read application configuration" func="Rest-api/internal/config.GetConfig.func1()" file="config.go:25"
time="2022-03-04T13:05:43+03:00" level=info msg="Register user handler" func="main.main()" file="app.go:26"
time="2022-03-04T13:05:43+03:00" level=info msg="start application" func="main.start()" file="app.go:35"
time="2022-03-04T13:05:43+03:00" level=info msg="listen tcp" func="main.start()" file="app.go:57"
time="2022-03-04T13:05:43+03:00" level=info msg="server is listening port 0.0.0.0:8080" func="main.start()" file="app.go:59"
time="2022-03-04T15:42:32+03:00" level=info msg="create router" func="main.main()" file="app.go:24"
time="2022-03-04T15:42:32+03:00" level=info msg="read application configuration" func="Rest-api/internal/config.GetConfig.func1()" file="config.go:34"
time="2022-03-04T15:43:53+03:00" level=info msg="create router" func="main.main()" file="app.go:24"
time="2022-03-04T15:43:53+03:00" level=info msg="read application configuration" func="Rest-api/internal/config.GetConfig.func1()" file="config.go:34"
time="2022-03-04T15:44:35+03:00" level=info msg="create router" func="main.main()" file="app.go:24"
time="2022-03-04T15:44:35+03:00" level=info msg="read application configuration" func="Rest-api/internal/config.GetConfig.func1()" file="config.go:34"
time="2022-03-04T15:44:44+03:00" level=info msg="create router" func="main.main()" file="app.go:24"
time="2022-03-04T15:44:44+03:00" level=info msg="read application configuration" func="Rest-api/internal/config.GetConfig.func1()" file="config.go:34"
time="2022-03-04T15:44:52+03:00" level=info msg="create router" func="main.main()" file="app.go:24"
time="2022-03-04T15:44:52+03:00" level=info msg="read application configuration" func="Rest-api/internal/config.GetConfig.func1()" file="config.go:34"
time="2022-03-04T15:45:04+03:00" level=info msg="create router" func="main.main()" file="app.go:24"
time="2022-03-04T15:45:04+03:00" level=info msg="read application configuration" func="Rest-api/internal/config.GetConfig.func1()" file="config.go:34"
time="2022-03-04T15:45:50+03:00" level=info msg="create router" func="main.main()" file="app.go:24"
time="2022-03-04T15:45:50+03:00" level=info msg="read application configuration" func="Rest-api/internal/config.GetConfig.func1()" file="config.go:34"
time="2022-03-04T15:46:32+03:00" level=info msg="create router" func="main.main()" file="app.go:24"
time="2022-03-04T15:46:32+03:00" level=info msg="read application configuration" func="Rest-api/internal/config.GetConfig.func1()" file="config.go:34"
time="2022-03-04T15:46:46+03:00" level=info msg="create router" func="main.main()" file="app.go:24"
time="2022-03-04T15:46:46+03:00" level=info msg="read application configuration" func="Rest-api/internal/config.GetConfig.func1()" file="config.go:34"
time="2022-03-04T15:48:12+03:00" level=info msg="create router" func="main.main()" file="app.go:24"
time="2022-03-04T15:48:12+03:00" level=info msg="read application configuration" func="Rest-api/internal/config.GetConfig.func1()" file="config.go:34"
time="2022-03-04T15:49:26+03:00" level=info msg="create router" func="main.main()" file="app.go:24"
time="2022-03-04T15:49:26+03:00" level=info msg="read application configuration" func="Rest-api/internal/config.GetConfig.func1()" file="config.go:34"
time="2022-03-04T15:50:26+03:00" level=info msg="create router" func="main.main()" file="app.go:24"
time="2022-03-04T15:50:26+03:00" level=info msg="read application configuration" func="Rest-api/internal/config.GetConfig.func1()" file="config.go:34"
time="2022-03-04T16:02:15+03:00" level=info msg="create router" func="main.main()" file="app.go:24"
time="2022-03-04T16:02:15+03:00" level=info msg="read application configuration" func="Rest-api/internal/config.GetConfig.func1()" file="config.go:34"
time="2022-03-04T16:04:43+03:00" level=info msg="create router" func="main.main()" file="app.go:24"
time="2022-03-04T16:04:43+03:00" level=info msg="read application configuration" func="Rest-api/internal/config.GetConfig.func1()" file="config.go:34"
time="2022-03-04T16:07:09+03:00" level=info msg="create router" func="main.main()" file="app.go:24"
time="2022-03-04T16:07:09+03:00" level=info msg="read application configuration" func="Rest-api/internal/config.GetConfig.func1()" file="config.go:34"
time="2022-03-04T16:07:15+03:00" level=info msg="create router" func="main.main()" file="app.go:24"
time="2022-03-04T16:07:15+03:00" level=info msg="read application configuration" func="Rest-api/internal/config.GetConfig.func1()" file="config.go:34"
time="2022-03-04T16:07:51+03:00" level=info msg="create router" func="main.main()" file="app.go:24"
time="2022-03-04T16:07:51+03:00" level=info msg="read application configuration" func="Rest-api/internal/config.GetConfig.func1()" file="config.go:34"
time="2022-03-04T16:09:14+03:00" level=info msg="create router" func="main.main()" file="app.go:24"
time="2022-03-04T16:09:14+03:00" level=info msg="read application configuration" func="Rest-api/internal/config.GetConfig.func1()" file="config.go:34"
time="2022-03-04T16:11:18+03:00" level=info msg="create router" func="main.main()" file="app.go:24"
time="2022-03-04T16:11:18+03:00" level=info msg="read application configuration" func="Rest-api/internal/config.GetConfig.func1()" file="config.go:34"
time="2022-03-04T16:11:57+03:00" level=info msg="create router" func="main.main()" file="app.go:24"
time="2022-03-04T16:11:57+03:00" level=info msg="read application configuration" func="Rest-api/internal/config.GetConfig.func1()" file="config.go:34"
time="2022-03-04T16:13:34+03:00" level=info msg="create router" func="main.main()" file="app.go:24"
time="2022-03-04T16:13:34+03:00" level=info msg="read application configuration" func="Rest-api/internal/config.GetConfig.func1()" file="config.go:34"
time="2022-03-04T16:14:45+03:00" level=info msg="create router" func="main.main()" file="app.go:24"
time="2022-03-04T16:14:45+03:00" level=info msg="read application configuration" func="Rest-api/internal/config.GetConfig.func1()" file="config.go:34"
time="2022-03-04T16:15:08+03:00" level=info msg="create router" func="main.main()" file="app.go:24"
time="2022-03-04T16:15:08+03:00" level=info msg="read application configuration" func="Rest-api/internal/config.GetConfig.func1()" file="config.go:34"
time="2022-03-04T16:15:58+03:00" level=debug msg="create user" func="Rest-api/internal/user/db.(*db).Create()" file="mongodb.go:21"
time="2022-03-04T16:15:58+03:00" level=debug msg="convert InsertedID to ObjectID" func="Rest-api/internal/user/db.(*db).Create()" file="mongodb.go:26"
time="2022-03-04T16:16:06+03:00" level=info msg=6222110ef42b119b93e3451f func="main.main()" file="app.go:48"
time="2022-03-04T16:16:11+03:00" level=info msg="Register user handler" func="main.main()" file="app.go:49"
time="2022-03-04T16:16:28+03:00" level=info msg="create router" func="main.main()" file="app.go:24"
time="2022-03-04T16:16:28+03:00" level=info msg="read application configuration" func="Rest-api/internal/config.GetConfig.func1()" file="config.go:34"
time="2022-03-04T16:16:28+03:00" level=debug msg="create user" func="Rest-api/internal/user/db.(*db).Create()" file="mongodb.go:21"
time="2022-03-04T16:16:28+03:00" level=debug msg="convert InsertedID to ObjectID" func="Rest-api/internal/user/db.(*db).Create()" file="mongodb.go:26"
time="2022-03-04T16:16:28+03:00" level=info msg=6222112c7c40b10f444f7891 func="main.main()" file="app.go:48"
time="2022-03-04T16:16:28+03:00" level=info msg="Register user handler" func="main.main()" file="app.go:49"
time="2022-03-04T16:16:28+03:00" level=info msg="start application" func="main.start()" file="app.go:58"
time="2022-03-04T16:16:28+03:00" level=info msg="listen tcp" func="main.start()" file="app.go:80"
time="2022-03-04T16:16:28+03:00" level=info msg="server is listening port 0.0.0.0:8080" func="main.start()" file="app.go:82"
time="2022-03-04T16:31:48+03:00" level=info msg="create router" func="main.main()" file="app.go:24"
time="2022-03-04T16:31:48+03:00" level=info msg="read application configuration" func="Rest-api/internal/config.GetConfig.func1()" file="config.go:34"
time="2022-03-04T16:31:48+03:00" level=debug msg="create user" func="Rest-api/internal/user/db.(*db).Create()" file="mongodb.go:21"
time="2022-03-04T16:31:48+03:00" level=debug msg="convert InsertedID to ObjectID" func="Rest-api/internal/user/db.(*db).Create()" file="mongodb.go:26"
time="2022-03-04T16:31:48+03:00" level=info msg=622214c47ed77908da9b242c func="main.main()" file="app.go:48"
time="2022-03-04T16:31:48+03:00" level=debug msg="create user" func="Rest-api/internal/user/db.(*db).Create()" file="mongodb.go:21"
time="2022-03-04T16:31:48+03:00" level=debug msg="convert InsertedID to ObjectID" func="Rest-api/internal/user/db.(*db).Create()" file="mongodb.go:26"
time="2022-03-04T16:31:48+03:00" level=trace msg="Matched 1 documents and Modified 1 document" func="Rest-api/internal/user/db.(*db).Update()" file="mongodb.go:90"
time="2022-03-04T16:31:48+03:00" level=trace msg="Deleted 1 documents " func="Rest-api/internal/user/db.(*db).Delete()" file="mongodb.go:110"
time="2022-03-04T16:32:09+03:00" level=info msg="create router" func="main.main()" file="app.go:24"
time="2022-03-04T16:32:09+03:00" level=info msg="read application configuration" func="Rest-api/internal/config.GetConfig.func1()" file="config.go:34"
time="2022-03-04T16:32:42+03:00" level=debug msg="create user" func="Rest-api/internal/user/db.(*db).Create()" file="mongodb.go:21"
time="2022-03-04T16:32:42+03:00" level=debug msg="convert InsertedID to ObjectID" func="Rest-api/internal/user/db.(*db).Create()" file="mongodb.go:26"
time="2022-03-04T16:32:53+03:00" level=info msg=622214fa2628ff9fcf0c8cd3 func="main.main()" file="app.go:48"
time="2022-03-04T16:32:56+03:00" level=debug msg="create user" func="Rest-api/internal/user/db.(*db).Create()" file="mongodb.go:21"
time="2022-03-04T16:32:56+03:00" level=debug msg="convert InsertedID to ObjectID" func="Rest-api/internal/user/db.(*db).Create()" file="mongodb.go:26"
time="2022-03-04T16:33:01+03:00" level=trace msg="Matched 1 documents and Modified 1 document" func="Rest-api/internal/user/db.(*db).Update()" file="mongodb.go:90"
time="2022-03-04T16:33:02+03:00" level=trace msg="Deleted 1 documents " func="Rest-api/internal/user/db.(*db).Delete()" file="mongodb.go:110"
time="2022-03-04T16:34:19+03:00" level=info msg="create router" func="main.main()" file="app.go:24"
time="2022-03-04T16:34:19+03:00" level=info msg="read application configuration" func="Rest-api/internal/config.GetConfig.func1()" file="config.go:34"
time="2022-03-04T16:34:23+03:00" level=debug msg="create user" func="Rest-api/internal/user/db.(*db).Create()" file="mongodb.go:21"
time="2022-03-04T16:34:23+03:00" level=debug msg="convert InsertedID to ObjectID" func="Rest-api/internal/user/db.(*db).Create()" file="mongodb.go:26"
time="2022-03-04T16:34:25+03:00" level=info msg=6222155f88a2611089f09d3a func="main.main()" file="app.go:48"
time="2022-03-04T16:34:44+03:00" level=debug msg="create user" func="Rest-api/internal/user/db.(*db).Create()" file="mongodb.go:21"
time="2022-03-04T16:34:44+03:00" level=debug msg="convert InsertedID to ObjectID" func="Rest-api/internal/user/db.(*db).Create()" file="mongodb.go:26"
time="2022-03-04T16:35:10+03:00" level=trace msg="Matched 1 documents and Modified 1 document" func="Rest-api/internal/user/db.(*db).Update()" file="mongodb.go:90"
time="2022-03-04T16:35:18+03:00" level=trace msg="Deleted 1 documents " func="Rest-api/internal/user/db.(*db).Delete()" file="mongodb.go:110"
time="2022-03-04T16:56:23+03:00" level=info msg="create router" func="main.main()" file="app.go:24"
time="2022-03-04T16:56:23+03:00" level=info msg="read application configuration" func="Rest-api/internal/config.GetConfig.func1()" file="config.go:34"
time="2022-03-04T18:11:04+03:00" level=info msg="create router" func="main.main()" file="app.go:25"
time="2022-03-04T18:11:04+03:00" level=info msg="read application configuration" func="Rest-api/internal/config.GetConfig.func1()" file="config.go:34"
time="2022-03-04T18:11:04+03:00" level=info msg="Register user handler" func="main.main()" file="app.go:38"
time="2022-03-04T18:11:04+03:00" level=info msg="start application" func="main.start()" file="app.go:47"
time="2022-03-04T18:11:04+03:00" level=info msg="listen tcp" func="main.start()" file="app.go:69"
time="2022-03-04T18:11:04+03:00" level=info msg="server is listening port 0.0.0.0:8080" func="main.start()" file="app.go:71"
time="2022-03-04T18:13:41+03:00" level=info msg="create router" func="main.main()" file="app.go:25"
time="2022-03-04T18:13:41+03:00" level=info msg="read application configuration" func="Rest-api/internal/config.GetConfig.func1()" file="config.go:34"
time="2022-03-04T18:13:41+03:00" level=info msg="Register user handler" func="main.main()" file="app.go:38"
time="2022-03-04T18:13:41+03:00" level=info msg="start application" func="main.start()" file="app.go:47"
time="2022-03-04T18:13:41+03:00" level=info msg="listen tcp" func="main.start()" file="app.go:69"
time="2022-03-04T18:13:41+03:00" level=info msg="server is listening port 0.0.0.0:8080" func="main.start()" file="app.go:71"
time="2022-03-04T18:17:57+03:00" level=info msg="create router" func="main.main()" file="app.go:25"
time="2022-03-04T18:17:57+03:00" level=info msg="read application configuration" func="Rest-api/internal/config.GetConfig.func1()" file="config.go:34"
time="2022-03-04T18:17:57+03:00" level=info msg="Register user handler" func="main.main()" file="app.go:38"
time="2022-03-04T18:17:57+03:00" level=info msg="start application" func="main.start()" file="app.go:47"
time="2022-03-04T18:17:57+03:00" level=info msg="listen tcp" func="main.start()" file="app.go:69"
time="2022-03-04T18:17:57+03:00" level=info msg="server is listening port 0.0.0.0:8080" func="main.start()" file="app.go:71"
